
> devshuttle-agency@0.1.0 build
> next build

Î“Ă»â–“ Next.js 16.2.1 (Turbopack)

  Creating an optimized production build ...
Î“ÂŁĂ´ Compiled successfully in 3.8s
  Running TypeScript ...
  Finished TypeScript in 3.6s ...
  Collecting page data using 15 workers ...
  Generating static pages using 15 workers (0/20) ...
  Generating static pages using 15 workers (5/20) 
  Generating static pages using 15 workers (10/20) 
  Generating static pages using 15 workers (15/20) 
Î“ÂŁĂ´ Generating static pages using 15 workers (20/20) in 930ms
  Finalizing page optimization ...

Route (app)
Î“Ă¶Ă® Î“ĂąĂŻ /
Î“Ă¶ÂŁ Î“ĂąĂŻ /_not-found
Î“Ă¶ÂŁ Î“ĂąĂŻ /about
Î“Ă¶ÂŁ Î“ĂąĂŻ /blog
Î“Ă¶ÂŁ â•žĂ† /blog/[slug]
Î“Ă¶ÂŁ Î“ĂąĂŻ /case-studies
Î“Ă¶ÂŁ Î“ĂąĂŻ /contact
Î“Ă¶ÂŁ Î“ĂąĂŻ /custom-development
Î“Ă¶ÂŁ Î“ĂąĂŻ /packages
Î“Ă¶ÂŁ Î“ĂąĂŻ /privacy
Î“Ă¶ÂŁ Î“ĂąĂŻ /process
Î“Ă¶ÂŁ Î“ĂąĂŻ /refund
Î“Ă¶ÂŁ Î“ĂąĂŻ /services
Î“Ă¶ÂŁ Î“ĂąĂŻ /solutions
Î“Ă¶ÂŁ Î“ĂąĂŻ /solutions/food-delivery
Î“Ă¶ÂŁ Î“ĂąĂŻ /solutions/grocery-marketplace
Î“Ă¶ÂŁ Î“ĂąĂŻ /solutions/pharmacy-software
Î“Ă¶ÂŁ Î“ĂąĂŻ /solutions/prebuilt
Î“Ă¶ÂŁ Î“ĂąĂŻ /terms
Î“Ă¶Ă¶ Î“ĂąĂŻ /work


Î“ĂąĂŻ  (Static)   prerendered as static content
â•žĂ†  (Dynamic)  server-rendered on demand

